0 info it worked if it ends with ok
1 verbose cli [ '/home/ec2-user/.nvm/versions/node/v6.12.3/bin/node',
1 verbose cli   '/home/ec2-user/.nvm/versions/node/v6.12.3/bin/npm',
1 verbose cli   'install',
1 verbose cli   'mysql',
1 verbose cli   '–save' ]
2 info using npm@3.10.10
3 info using node@v6.12.3
4 silly loadCurrentTree Starting
5 silly install loadCurrentTree
6 silly install readLocalPackageData
7 silly rollbackFailedOptional Starting
8 silly rollbackFailedOptional Finishing
9 silly runTopLevelLifecycles Finishing
10 silly install printInstalled
11 verbose stack Error: Failed to parse json
11 verbose stack No data, empty input at 1:1
11 verbose stack
11 verbose stack ^
11 verbose stack     at parseError (/home/ec2-user/.nvm/versions/node/v6.12.3/lib/node_modules/npm/node_modules/read-package-json/read-json.js:390:11)
11 verbose stack     at parseJson (/home/ec2-user/.nvm/versions/node/v6.12.3/lib/node_modules/npm/node_modules/read-package-json/read-json.js:79:23)
11 verbose stack     at /home/ec2-user/.nvm/versions/node/v6.12.3/lib/node_modules/npm/node_modules/read-package-json/read-json.js:48:5
11 verbose stack     at /home/ec2-user/.nvm/versions/node/v6.12.3/lib/node_modules/npm/node_modules/graceful-fs/graceful-fs.js:78:16
11 verbose stack     at tryToString (fs.js:457:3)
11 verbose stack     at FSReqWrap.readFileAfterClose [as oncomplete] (fs.js:444:12)
12 verbose cwd /home/ec2-user/environment
13 error Linux 4.9.70-25.242.amzn1.x86_64
14 error argv "/home/ec2-user/.nvm/versions/node/v6.12.3/bin/node" "/home/ec2-user/.nvm/versions/node/v6.12.3/bin/npm" "install" "mysql" "–save"
15 error node v6.12.3
16 error npm  v3.10.10
17 error file /home/ec2-user/environment/package.json
18 error code EJSONPARSE
19 error Failed to parse json
19 error No data, empty input at 1:1
19 error
19 error ^
20 error File: /home/ec2-user/environment/package.json
21 error Failed to parse package.json data.
21 error package.json must be actual JSON, not just JavaScript.
21 error
21 error This is not a bug in npm.
21 error Tell the package author to fix their package.json file. JSON.parse
22 verbose exit [ 1, true ]
